2024-12-20 08:37:39,185 - INFO - Changed directory to: /home/aakku106/first
2024-12-20 08:37:39,239 - INFO - Pulling latest changes from GitHub...
2024-12-20 08:37:39,558 - INFO - Staging changes...
2024-12-20 08:37:39,651 - INFO - Committing with message: Auto-update logs at 2024-12-20 08:37:39
2024-12-20 08:37:39,829 - INFO - Pushing changes to GitHub...
2024-12-20 08:37:40,286 - INFO - ✅ Changes pushed to GitHub successfully!
2024-12-20 08:41:01,728 - INFO - Changed directory to: /home/aakku106/first
2024-12-20 08:41:01,817 - INFO - Pulling latest changes from GitHub...
2024-12-20 08:41:02,370 - INFO - Staging changes...
2024-12-20 08:41:02,499 - INFO - Committing with message: Auto-update logs at 2024-12-20 08:41:02
2024-12-20 08:41:02,665 - INFO - Pushing changes to GitHub...
2024-12-20 08:41:03,295 - INFO - ✅ Changes pushed to GitHub successfully!
2024-12-20 08:46:03,121 - INFO - Changed directory to: /home/aakku106/first
2024-12-20 08:46:03,216 - INFO - Pulling latest changes from GitHub...
2024-12-20 08:46:03,840 - INFO - Staging changes...
2024-12-20 08:46:03,913 - INFO - Committing with message: Auto-update logs at 2024-12-20 08:46:03
2024-12-20 08:46:04,086 - INFO - Pushing changes to GitHub...
2024-12-20 08:46:04,525 - INFO - ✅ Changes pushed to GitHub successfully!
2024-12-20 08:50:20,850 - INFO - Changed directory to: /home/aakku106/first
2024-12-20 08:50:20,914 - INFO - Pulling latest changes from GitHub...
2024-12-20 08:50:21,470 - INFO - Staging changes...
2024-12-20 08:50:21,521 - INFO - Committing with message: Auto-update logs at 2024-12-20 08:50:21
2024-12-20 08:50:21,654 - INFO - Pushing changes to GitHub...
2024-12-20 08:50:23,250 - INFO - ✅ Changes pushed to GitHub successfully!
2024-12-20 08:50:25,111 - INFO - Changed directory to: /home/aakku106/first
2024-12-20 08:50:25,186 - INFO - Pulling latest changes from GitHub...
2024-12-20 08:50:25,552 - INFO - Staging changes...
2024-12-20 08:50:25,602 - INFO - Committing with message: Auto-update logs at 2024-12-20 08:50:25
2024-12-20 08:50:25,710 - INFO - Pushing changes to GitHub...
2024-12-20 08:50:26,374 - INFO - ✅ Changes pushed to GitHub successfully!
2024-12-20 08:50:27,913 - INFO - Changed directory to: /home/aakku106/first
2024-12-20 08:50:27,996 - INFO - Pulling latest changes from GitHub...
2024-12-20 08:50:28,376 - INFO - Staging changes...
2024-12-20 08:50:28,442 - INFO - Committing with message: Auto-update logs at 2024-12-20 08:50:28
2024-12-20 08:50:28,593 - INFO - Pushing changes to GitHub...
2024-12-20 08:50:29,105 - INFO - ✅ Changes pushed to GitHub successfully!
2024-12-20 08:50:30,162 - INFO - Changed directory to: /home/aakku106/first
2024-12-20 08:50:30,240 - INFO - Pulling latest changes from GitHub...
2024-12-20 08:50:30,647 - INFO - Staging changes...
2024-12-20 08:50:30,725 - INFO - Committing with message: Auto-update logs at 2024-12-20 08:50:30
2024-12-20 08:50:30,909 - INFO - Pushing changes to GitHub...
2024-12-20 08:50:31,447 - INFO - ✅ Changes pushed to GitHub successfully!
2024-12-20 08:50:35,188 - INFO - Changed directory to: /home/aakku106/first
2024-12-20 08:50:35,341 - INFO - Pulling latest changes from GitHub...
2024-12-20 08:50:35,985 - INFO - Staging changes...
2024-12-20 08:50:36,122 - INFO - Committing with message: Auto-update logs at 2024-12-20 08:50:36
2024-12-20 08:50:36,319 - INFO - Pushing changes to GitHub...
2024-12-20 08:50:36,783 - INFO - ✅ Changes pushed to GitHub successfully!
2024-12-20 08:50:50,292 - INFO - Changed directory to: /home/aakku106/first
2024-12-20 08:50:50,366 - INFO - Pulling latest changes from GitHub...
2024-12-20 08:50:50,693 - INFO - Staging changes...
2024-12-20 08:50:50,768 - INFO - Committing with message: Auto-update logs at 2024-12-20 08:50:50
2024-12-20 08:50:50,921 - INFO - Pushing changes to GitHub...
2024-12-20 08:50:51,386 - INFO - ✅ Changes pushed to GitHub successfully!
2024-12-20 08:51:39,598 - INFO - Changed directory to: /home/aakku106/first
2024-12-20 08:51:39,804 - INFO - Pulling latest changes from GitHub...
2024-12-20 08:51:40,678 - INFO - Staging changes...
2024-12-20 08:51:40,796 - INFO - Committing with message: Auto-update logs at 2024-12-20 08:51:40
2024-12-20 08:51:41,102 - INFO - Pushing changes to GitHub...
2024-12-20 08:51:41,904 - INFO - ✅ Changes pushed to GitHub successfully!
2024-12-20 09:28:12,370 - INFO - Changed directory to: /home/aakku106/first
2024-12-20 09:28:12,455 - INFO - Pulling latest changes from GitHub...
2024-12-20 09:28:13,228 - INFO - Staging changes...
